2025-05-19 06:33:03 - /ProyectoVenta/public/api/productos - ::1
2025-05-19 06:33:04 - /ProyectoVenta/public/api/productos - ::1
2025-05-19 06:33:15 - /ProyectoVenta/public/api/productos - ::1
2025-05-19 06:33:15 - /ProyectoVenta/public/api/productos - ::1
2025-05-19 06:33:40 - /ProyectoVenta/public/api/productos/proveedores - ::1
2025-05-19 06:33:40 - /ProyectoVenta/public/api/productos/proveedores - ::1
2025-05-19 06:33:51 - /ProyectoVenta/public/api/productos/categorias - ::1
2025-05-19 06:33:51 - /ProyectoVenta/public/api/productos/categorias - ::1
2025-05-19 06:35:04 - /ProyectoVenta/public/api/categorias - ::1
2025-05-19 06:38:29 - /ProyectoVenta/public/api/productos - ::1
2025-05-19 06:38:29 - /ProyectoVenta/public/api/productos - ::1
2025-05-19 06:38:32 - /ProyectoVenta/public/api/productos/categorias - ::1
2025-05-19 06:38:32 - /ProyectoVenta/public/api/productos/categorias - ::1
2025-05-19 06:38:37 - /ProyectoVenta/public/api/categorias - ::1
2025-05-19 06:38:40 - /ProyectoVenta/public/api/categorias - ::1
2025-05-19 06:39:11 - /ProyectoVenta/public/api/categorias - ::1
2025-05-19 06:44:47 - /ProyectoVenta/public/api/categorias - ::1
2025-05-19 06:47:37 - /ProyectoVenta/public/api/productos - ::1
2025-05-19 06:47:38 - /ProyectoVenta/public/api/productos - ::1
2025-05-19 06:47:46 - /ProyectoVenta/public/api/categorias - ::1
2025-05-19 06:47:46 - /ProyectoVenta/public/api/categorias - ::1
2025-05-19 06:47:56 - /ProyectoVenta/public/api/categorias - ::1
2025-05-19 06:47:59 - /ProyectoVenta/public/api/categorias - ::1
2025-05-19 06:49:13 - /ProyectoVenta/public/api/categorias - ::1
2025-05-19 06:49:31 - /ProyectoVenta/public/api/categorias - ::1
2025-05-19 06:49:45 - /ProyectoVenta/public/api/productos - ::1
2025-05-19 06:49:46 - /ProyectoVenta/public/api/productos - ::1
2025-05-19 06:49:48 - /ProyectoVenta/public/api/categorias - ::1
2025-05-19 06:49:48 - /ProyectoVenta/public/api/categorias - ::1
2025-05-19 06:55:18 - /ProyectoVenta/public/api/categorias - ::1
2025-05-19 07:00:00 - /ProyectoVenta/public/api/categorias - ::1
2025-05-19 07:03:44 - /ProyectoVenta/public/api/categorias - ::1
2025-05-19 07:03:50 - /ProyectoVenta/public/api/categorias - ::1
2025-05-19 07:05:43 - /ProyectoVenta/public/api/categorias - ::1
2025-05-19 07:05:45 - /ProyectoVenta/public/api/categorias - ::1
2025-05-19 07:06:46 - /ProyectoVenta/public/api/categorias - ::1
2025-05-19 07:32:58 - /ProyectoVenta/public/api/productos - ::1
2025-05-19 07:32:59 - /ProyectoVenta/public/api/productos - ::1
2025-05-19 07:33:02 - /ProyectoVenta/public/api/productos - ::1
2025-05-19 07:33:02 - /ProyectoVenta/public/api/productos - ::1
2025-05-19 07:33:05 - /ProyectoVenta/public/api/productos/proveedores - ::1
2025-05-19 07:33:05 - /ProyectoVenta/public/api/productos/proveedores - ::1
2025-05-19 07:33:20 - /ProyectoVenta/public/api/productos - ::1
2025-05-19 07:33:20 - /ProyectoVenta/public/api/productos - ::1
2025-05-19 07:33:24 - /ProyectoVenta/public/api/categorias - ::1
2025-05-19 07:33:24 - /ProyectoVenta/public/api/categorias - ::1
2025-05-19 07:33:36 - /ProyectoVenta/public/api/productos/proveedores - ::1
2025-05-19 07:33:36 - /ProyectoVenta/public/api/productos/proveedores - ::1
2025-05-19 07:35:04 - /ProyectoVenta/public/api/categorias - ::1
2025-05-19 07:35:18 - /ProyectoVenta/public/src/api/categorias - ::1
2025-05-19 07:35:33 - /ProyectoVenta/public/api/categorias - ::1
2025-05-19 07:36:51 - /ProyectoVenta/public/api/categorias - ::1
2025-05-19 07:38:10 - /ProyectoVenta/public/api/categorias - ::1
2025-05-19 07:46:12 - /ProyectoVenta/public/api/categorias - ::1
2025-05-19 07:47:38 - /ProyectoVenta/public/api/categorias - ::1
2025-05-19 07:47:45 - /ProyectoVenta/public/api/productos - ::1
2025-05-19 07:47:45 - /ProyectoVenta/public/api/productos - ::1
2025-05-19 07:47:49 - /ProyectoVenta/public/api/categorias - ::1
2025-05-19 07:47:49 - /ProyectoVenta/public/api/categorias - ::1
2025-05-19 07:48:12 - /ProyectoVenta/public/api/productos - ::1
2025-05-19 07:48:12 - /ProyectoVenta/public/api/productos - ::1
2025-05-19 07:48:16 - /ProyectoVenta/public/api/categorias - ::1
2025-05-19 07:48:16 - /ProyectoVenta/public/api/categorias - ::1
2025-05-19 07:51:13 - /ProyectoVenta/public/api/categorias - ::1
2025-05-19 07:51:13 - /ProyectoVenta/public/api/categorias - ::1
2025-05-19 07:53:04 - /ProyectoVenta/public/api/categorias - ::1
2025-05-19 07:53:19 - /ProyectoVenta/public/api/categorias - ::1
2025-05-19 08:03:01 - /ProyectoVenta/public/api/categorias - ::1
2025-05-19 08:03:01 - /ProyectoVenta/public/api/categorias - ::1
2025-05-19 08:05:58 - /ProyectoVenta/public/api/categorias - ::1
2025-05-19 08:09:09 - /ProyectoVenta/public/api/categorias - ::1
2025-05-19 08:09:26 - /ProyectoVenta/public/api/categorias - ::1
2025-05-19 08:09:26 - /ProyectoVenta/public/api/categorias - ::1
2025-05-19 08:09:28 - /ProyectoVenta/public/api/categorias - ::1
2025-05-19 08:09:28 - /ProyectoVenta/public/api/categorias - ::1
2025-05-19 08:09:28 - /ProyectoVenta/public/api/categorias - ::1
2025-05-19 19:12:16 - /ProyectoVenta/public/api/productos - ::1
2025-05-19 19:12:16 - /ProyectoVenta/public/api/productos - ::1
2025-05-19 19:12:22 - /ProyectoVenta/public/api/productos - ::1
2025-05-19 19:12:22 - /ProyectoVenta/public/api/productos - ::1
2025-05-19 19:12:52 - /ProyectoVenta/public/api/productos/proveedores - ::1
2025-05-19 19:12:52 - /ProyectoVenta/public/api/productos/proveedores - ::1
2025-05-19 19:13:00 - /ProyectoVenta/public/api/productos - ::1
2025-05-19 19:13:00 - /ProyectoVenta/public/api/productos - ::1
2025-05-19 19:14:04 - /ProyectoVenta/public/api/compras/realizar - ::1
2025-05-19 19:14:04 - /ProyectoVenta/public/api/compras/realizar - ::1
2025-05-19 19:15:02 - /ProyectoVenta/public/api/compras/realizar - ::1
2025-05-19 19:15:02 - /ProyectoVenta/public/api/compras/realizar - ::1
2025-05-19 19:15:12 - /ProyectoVenta/public/api/productos - ::1
2025-05-19 19:15:12 - /ProyectoVenta/public/api/productos - ::1
2025-05-19 19:15:45 - /ProyectoVenta/public/api/categorias - ::1
2025-05-19 19:15:45 - /ProyectoVenta/public/api/categorias - ::1
2025-05-19 19:17:33 - /ProyectoVenta/public/api/categorias - ::1
2025-05-19 19:17:33 - /ProyectoVenta/public/api/categorias - ::1
2025-05-19 19:17:42 - /ProyectoVenta/public/api/compras/realizar - ::1
2025-05-19 19:17:42 - /ProyectoVenta/public/api/compras/realizar - ::1
2025-05-19 19:18:16 - /ProyectoVenta/public/api/productos - ::1
2025-05-19 19:18:16 - /ProyectoVenta/public/api/productos - ::1
2025-05-19 19:18:19 - /ProyectoVenta/public/api/categorias - ::1
2025-05-19 19:18:19 - /ProyectoVenta/public/api/categorias - ::1
2025-05-19 19:25:40 - /ProyectoVenta/public/api/productos - ::1
2025-05-19 19:25:40 - /ProyectoVenta/public/api/productos - ::1
2025-05-19 19:25:44 - /ProyectoVenta/public/api/categorias - ::1
2025-05-19 19:25:44 - /ProyectoVenta/public/api/categorias - ::1
2025-05-19 19:25:47 - /ProyectoVenta/public/api/categorias - ::1
2025-05-19 19:25:47 - /ProyectoVenta/public/api/categorias - ::1
2025-05-19 19:25:47 - /ProyectoVenta/public/api/categorias - ::1
2025-05-19 19:26:02 - /ProyectoVenta/public/api/productos - ::1
2025-05-19 19:26:02 - /ProyectoVenta/public/api/productos - ::1
2025-05-19 19:26:05 - /ProyectoVenta/public/api/categorias - ::1
2025-05-19 19:26:05 - /ProyectoVenta/public/api/categorias - ::1
2025-05-19 19:28:20 - /ProyectoVenta/public/api/productos - ::1
2025-05-19 19:28:20 - /ProyectoVenta/public/api/productos - ::1
2025-05-19 19:28:22 - /ProyectoVenta/public/api/categorias - ::1
2025-05-19 19:28:22 - /ProyectoVenta/public/api/categorias - ::1
2025-05-20 06:09:34 - /ProyectoVenta/public/api/productos - ::1
2025-05-20 06:09:34 - /ProyectoVenta/public/api/productos - ::1
2025-05-20 06:09:39 - /ProyectoVenta/public/api/productos - ::1
2025-05-20 06:09:39 - /ProyectoVenta/public/api/productos - ::1
2025-05-20 06:09:42 - /ProyectoVenta/public/api/categorias - ::1
2025-05-20 06:09:42 - /ProyectoVenta/public/api/categorias - ::1
2025-05-20 06:09:47 - /ProyectoVenta/public/api/productos/proveedores - ::1
2025-05-20 06:09:47 - /ProyectoVenta/public/api/productos/proveedores - ::1
2025-05-20 06:36:16 - /ProyectoVenta/public/api/productos - ::1
2025-05-20 06:36:16 - /ProyectoVenta/public/api/productos - ::1
2025-05-20 06:36:20 - /ProyectoVenta/public/api/categorias - ::1
2025-05-20 06:36:20 - /ProyectoVenta/public/api/categorias - ::1
2025-05-20 06:36:22 - /ProyectoVenta/public/api/categorias - ::1
2025-05-20 06:36:22 - /ProyectoVenta/public/api/categorias - ::1
2025-05-20 06:36:22 - /ProyectoVenta/public/api/categorias - ::1
2025-05-20 06:36:44 - /ProyectoVenta/public/api/productos - ::1
2025-05-20 06:36:44 - /ProyectoVenta/public/api/productos - ::1
2025-05-20 06:36:49 - /ProyectoVenta/public/api/categorias - ::1
2025-05-20 06:36:49 - /ProyectoVenta/public/api/categorias - ::1
2025-05-20 06:36:50 - /ProyectoVenta/public/api/categorias - ::1
2025-05-20 06:36:57 - /ProyectoVenta/public/api/categorias/agregar - ::1
2025-05-20 06:36:57 - /ProyectoVenta/public/api/categorias/agregar - ::1
2025-05-20 06:37:08 - /ProyectoVenta/public/api/productos/proveedores - ::1
2025-05-20 06:37:08 - /ProyectoVenta/public/api/productos/proveedores - ::1
2025-05-20 06:37:22 - /ProyectoVenta/public/api/categorias - ::1
2025-05-20 06:37:22 - /ProyectoVenta/public/api/categorias - ::1
2025-05-20 06:42:18 - /ProyectoVenta/public/api/productos - ::1
2025-05-20 06:42:18 - /ProyectoVenta/public/api/productos - ::1
2025-05-20 06:42:21 - /ProyectoVenta/public/api/categorias - ::1
2025-05-20 06:42:21 - /ProyectoVenta/public/api/categorias - ::1
2025-05-20 06:44:24 - /ProyectoVenta/public/api/categorias - ::1
2025-05-20 06:44:24 - /ProyectoVenta/public/api/categorias - ::1
2025-05-20 06:46:38 - /ProyectoVenta/public/api/categorias - ::1
2025-05-20 06:49:57 - /ProyectoVenta/public/api/categorias - ::1
2025-05-20 06:50:05 - /ProyectoVenta/public/api/productos - ::1
2025-05-20 06:50:05 - /ProyectoVenta/public/api/productos - ::1
2025-05-20 06:50:11 - /ProyectoVenta/public/api/categorias - ::1
2025-05-20 06:50:11 - /ProyectoVenta/public/api/categorias - ::1
2025-05-20 06:50:14 - /ProyectoVenta/public/api/categorias - ::1
2025-05-20 06:50:14 - /ProyectoVenta/public/api/categorias - ::1
2025-05-20 06:50:14 - /ProyectoVenta/public/api/categorias - ::1
2025-05-20 06:50:41 - /ProyectoVenta/public/api/categorias - ::1
2025-05-20 06:50:41 - /ProyectoVenta/public/api/categorias - ::1
2025-05-20 06:51:22 - /ProyectoVenta/public/api/productos - ::1
2025-05-20 06:51:22 - /ProyectoVenta/public/api/productos - ::1
2025-05-20 06:51:26 - /ProyectoVenta/public/api/categorias - ::1
2025-05-20 06:51:26 - /ProyectoVenta/public/api/categorias - ::1
2025-05-20 06:51:27 - /ProyectoVenta/public/api/categorias - ::1
2025-05-20 06:51:27 - /ProyectoVenta/public/api/categorias - ::1
2025-05-20 06:51:27 - /ProyectoVenta/public/api/categorias - ::1
2025-05-20 06:55:37 - /ProyectoVenta/public/api/productos - ::1
2025-05-20 06:55:37 - /ProyectoVenta/public/api/productos - ::1
2025-05-20 06:55:40 - /ProyectoVenta/public/api/categorias - ::1
2025-05-20 06:55:40 - /ProyectoVenta/public/api/categorias - ::1
2025-05-20 07:26:29 - /ProyectoVenta/public/api/productos - ::1
2025-05-20 07:26:29 - /ProyectoVenta/public/api/productos - ::1
2025-05-20 07:26:32 - /ProyectoVenta/public/api/categorias - ::1
2025-05-20 07:26:32 - /ProyectoVenta/public/api/categorias - ::1
2025-05-20 07:28:10 - /ProyectoVenta/public/api/categorias%0A - ::1
2025-05-20 07:35:13 - /ProyectoVenta/public/api/categorias%0A - ::1
2025-05-20 07:35:30 - /ProyectoVenta/public/api/categorias%0A - ::1
2025-05-20 07:43:55 - /ProyectoVenta/public/api/categorias%0A - ::1
2025-05-20 08:09:54 - /ProyectoVenta/public/api/categorias%0A - ::1
2025-05-20 08:10:22 - /ProyectoVenta/public/api/obtenerTodos%0A - ::1
2025-05-20 08:14:38 - /ProyectoVenta/public/api/productos - ::1
2025-05-20 08:15:03 - /ProyectoVenta/public/api/categorias - ::1
2025-05-20 08:15:21 - /ProyectoVenta/public/api/Productos - ::1
2025-05-20 08:15:26 - /ProyectoVenta/public/api/productos - ::1
2025-05-20 08:33:00 - /ProyectoVenta/public/api/productos - ::1
2025-05-20 08:33:00 - /ProyectoVenta/public/api/productos - ::1
2025-05-20 08:35:15 - /ProyectoVenta/public/api/productos - ::1
2025-05-20 08:35:15 - /ProyectoVenta/public/api/productos - ::1
2025-05-20 08:35:24 - /ProyectoVenta/public/api/categorias - ::1
2025-05-20 08:35:24 - /ProyectoVenta/public/api/categorias - ::1
2025-05-20 08:40:57 - /ProyectoVenta/public/api/productos - ::1
2025-05-20 08:40:57 - /ProyectoVenta/public/api/productos - ::1
2025-05-20 08:41:04 - /ProyectoVenta/public/api/categorias - ::1
2025-05-20 08:41:04 - /ProyectoVenta/public/api/categorias - ::1
2025-05-20 08:43:21 - /ProyectoVenta/public/api/productos - ::1
2025-05-20 08:43:21 - /ProyectoVenta/public/api/productos - ::1
2025-05-20 08:43:25 - /ProyectoVenta/public/api/categorias - ::1
2025-05-20 08:43:25 - /ProyectoVenta/public/api/categorias - ::1
2025-05-20 08:47:17 - /ProyectoVenta/public/api/productos - ::1
2025-05-20 08:47:17 - /ProyectoVenta/public/api/productos - ::1
2025-05-20 08:47:21 - /ProyectoVenta/public/api/categorias - ::1
2025-05-20 08:47:21 - /ProyectoVenta/public/api/categorias - ::1
2025-05-20 08:47:48 - /ProyectoVenta/public/api/productos - ::1
2025-05-20 08:47:48 - /ProyectoVenta/public/api/productos - ::1
2025-05-20 08:47:55 - /ProyectoVenta/public/api/productos - ::1
2025-05-20 08:47:55 - /ProyectoVenta/public/api/productos - ::1
2025-05-20 08:48:07 - /ProyectoVenta/public/api/categorias - ::1
2025-05-20 08:48:07 - /ProyectoVenta/public/api/categorias - ::1
2025-05-20 08:48:19 - /ProyectoVenta/public/api/categorias - ::1
2025-05-20 08:48:19 - /ProyectoVenta/public/api/categorias - ::1
2025-05-20 08:52:57 - /ProyectoVenta/public/api/productos - ::1
2025-05-20 08:52:57 - /ProyectoVenta/public/api/productos - ::1
2025-05-20 08:53:01 - /ProyectoVenta/public/api/categorias - ::1
2025-05-20 08:53:01 - /ProyectoVenta/public/api/categorias - ::1
2025-05-20 09:01:32 - /ProyectoVenta/public/api/productos - ::1
2025-05-20 09:01:32 - /ProyectoVenta/public/api/productos - ::1
2025-05-20 09:01:37 - /ProyectoVenta/public/api/categorias - ::1
2025-05-20 09:01:37 - /ProyectoVenta/public/api/categorias - ::1
2025-05-20 09:02:55 - /ProyectoVenta/public/api/productos - ::1
2025-05-20 09:02:55 - /ProyectoVenta/public/api/productos - ::1
2025-05-20 19:13:18 - /ProyectoVenta/public/api/productos - ::1
2025-05-20 19:13:18 - /ProyectoVenta/public/api/productos - ::1
2025-05-20 19:40:31 - /ProyectoVenta/public/api/productos - ::1
2025-05-20 19:40:31 - /ProyectoVenta/public/api/productos - ::1
2025-05-20 19:40:54 - /ProyectoVenta/public/api/productos/proveedores - ::1
2025-05-20 19:40:54 - /ProyectoVenta/public/api/productos/proveedores - ::1
2025-05-20 19:41:05 - /ProyectoVenta/public/api/productos - ::1
2025-05-20 19:41:05 - /ProyectoVenta/public/api/productos - ::1
2025-05-20 20:32:24 - /ProyectoVenta/public/api/productos - ::1
2025-05-20 20:32:25 - /ProyectoVenta/public/api/productos - ::1
2025-05-20 20:42:13 - /ProyectoVenta/public/api/productos - ::1
2025-05-20 20:42:13 - /ProyectoVenta/public/api/productos - ::1
2025-05-20 20:47:10 - /ProyectoVenta/public/api/productos - ::1
2025-05-20 20:47:10 - /ProyectoVenta/public/api/productos - ::1
2025-05-20 20:54:24 - /ProyectoVenta/public/api/productos - ::1
2025-05-20 20:54:24 - /ProyectoVenta/public/api/productos - ::1
2025-05-21 05:00:22 - /ProyectoVenta/public/api/productos - ::1
2025-05-21 05:00:22 - /ProyectoVenta/public/api/productos - ::1
2025-05-21 05:00:50 - /ProyectoVenta/public/api/productos/proveedores - ::1
2025-05-21 05:00:50 - /ProyectoVenta/public/api/productos/proveedores - ::1
2025-05-21 05:02:46 - /ProyectoVenta/public/api/productos - ::1
2025-05-21 05:02:46 - /ProyectoVenta/public/api/productos - ::1
2025-05-21 05:05:44 - /ProyectoVenta/public/api/productos - ::1
2025-05-21 05:05:44 - /ProyectoVenta/public/api/productos - ::1
2025-05-21 05:10:38 - /ProyectoVenta/public/api/productos - ::1
2025-05-21 05:10:38 - /ProyectoVenta/public/api/productos - ::1
2025-05-21 05:12:34 - /ProyectoVenta/public/api/productos - ::1
2025-05-21 05:12:34 - /ProyectoVenta/public/api/productos - ::1
2025-05-21 05:13:15 - /ProyectoVenta/public/api/compras/realizar - ::1
2025-05-21 05:13:15 - /ProyectoVenta/public/api/compras/realizar - ::1
2025-05-21 05:32:45 - /ProyectoVenta/public/api/productos/agregar - ::1
2025-05-21 05:32:52 - /ProyectoVenta/public/api/productos/agregar - ::1
2025-05-21 05:32:58 - /ProyectoVenta/public/api/productos/agregar - ::1
2025-05-21 05:33:12 - /ProyectoVenta/public/api/productos/agregar - ::1
2025-05-21 05:33:28 - /ProyectoVenta/public/api/productos - ::1
2025-05-21 05:33:28 - /ProyectoVenta/public/api/productos - ::1
2025-05-21 05:35:00 - /ProyectoVenta/public/api/productos/agregar - ::1
2025-05-21 05:35:07 - /ProyectoVenta/public/api/productos/agregar - ::1
2025-05-21 05:49:31 - /ProyectoVenta/public/api/productos - ::1
2025-05-21 05:49:31 - /ProyectoVenta/public/api/productos - ::1
2025-05-21 05:50:04 - /ProyectoVenta/public/api/productos/agregar - ::1
2025-05-21 05:55:00 - /ProyectoVenta/public/api/productos - ::1
2025-05-21 05:55:01 - /ProyectoVenta/public/api/productos - ::1
2025-05-21 05:55:26 - /ProyectoVenta/public/api/productos/Crear - ::1
2025-05-21 06:05:35 - /ProyectoVenta/public/api/auth/token - ::1
2025-05-21 06:05:35 - /ProyectoVenta/public/api/auth/token - ::1
2025-05-21 06:08:57 - /ProyectoVenta/public/api/auth/token - ::1
2025-05-21 06:08:57 - /ProyectoVenta/public/api/productos - ::1
2025-05-21 06:08:57 - /ProyectoVenta/public/api/auth/token - ::1
2025-05-21 06:08:57 - /ProyectoVenta/public/api/productos - ::1
2025-05-21 06:09:17 - /ProyectoVenta/public/api/auth/token - ::1
2025-05-21 06:09:17 - /ProyectoVenta/public/api/productos - ::1
2025-05-21 06:09:17 - /ProyectoVenta/public/api/productos - ::1
2025-05-21 06:09:17 - /ProyectoVenta/public/api/auth/token - ::1
2025-05-21 06:10:20 - /ProyectoVenta/public/api/productos/Crear - ::1
2025-05-21 06:22:33 - /ProyectoVenta/public/api/productos - ::1

2025-05-21 06:22:33 - /ProyectoVenta/public/api/auth/token - ::1
2025-05-21 06:22:33 - /ProyectoVenta/public/api/productos - ::1
2025-05-21 06:22:46 - /ProyectoVenta/public/api/productos - ::1
2025-05-21 06:22:46 - /ProyectoVenta/public/api/auth/token - ::1
2025-05-21 06:22:46 - /ProyectoVenta/public/api/auth/token - ::1
2025-05-21 06:22:46 - /ProyectoVenta/public/api/productos - ::1
2025-05-21 06:25:45 - /ProyectoVenta/public/api/productos - ::1
2025-05-21 06:25:45 - /ProyectoVenta/public/api/auth/token - ::1
2025-05-21 06:25:45 - /ProyectoVenta/public/api/auth/token - ::1
2025-05-21 06:25:45 - /ProyectoVenta/public/api/productos - ::1
2025-05-21 06:28:47 - /ProyectoVenta/public/api/auth/token - ::1
2025-05-21 06:28:47 - /ProyectoVenta/public/api/auth/token - ::1
2025-05-21 06:28:47 - /ProyectoVenta/public/api/productos - ::1
2025-05-21 06:38:18 - /ProyectoVenta/public/api/auth/token - ::1
2025-05-21 06:38:18 - /ProyectoVenta/public/api/auth/token - ::1
2025-05-21 06:38:18 - /ProyectoVenta/public/api/productos - ::1
2025-05-21 06:41:31 - /ProyectoVenta/public/api/auth/token - ::1
2025-05-21 06:41:38 - /ProyectoVenta/public/api/auth/token - ::1
2025-05-21 06:43:05 - /ProyectoVenta/public/api/auth/token - ::1
2025-05-21 06:46:53 - /ProyectoVenta/public/api/auth/token - ::1
2025-05-21 06:56:26 - /ProyectoVenta/public/api/auth/token - ::1
2025-05-21 06:56:26 - /ProyectoVenta/public/api/auth/token - ::1
2025-05-21 06:56:26 - /ProyectoVenta/public/api/productos - ::1
2025-05-21 06:56:35 - /ProyectoVenta/public/api/productos - ::1

2025-05-21 06:56:35 - /ProyectoVenta/public/api/auth/token - ::1
2025-05-21 06:56:35 - /ProyectoVenta/public/api/productos - ::1
2025-05-21 06:56:41 - /ProyectoVenta/public/api/productos - ::1
2025-05-21 06:56:41 - /ProyectoVenta/public/api/auth/token - ::1
2025-05-21 06:56:41 - /ProyectoVenta/public/api/auth/token - ::1
2025-05-21 06:56:41 - /ProyectoVenta/public/api/productos - ::1
2025-05-21 06:57:07 - /ProyectoVenta/public/api/productos/Crear - ::1
2025-05-23 09:34:09 - /ProyectoVenta/public/api/auth/token - ::1
2025-05-23 09:34:09 - /ProyectoVenta/public/api/productos - ::1
2025-05-23 09:34:09 - /ProyectoVenta/public/api/auth/token - ::1
2025-05-23 09:34:09 - /ProyectoVenta/public/api/productos - ::1
2025-05-23 17:21:09 - /ProyectoVenta/public/api/auth/token - ::1
2025-05-23 17:21:09 - /ProyectoVenta/public/api/productos - ::1
2025-05-23 17:21:09 - /ProyectoVenta/public/api/auth/token - ::1
2025-05-23 17:21:09 - /ProyectoVenta/public/api/productos - ::1
2025-05-23 17:29:53 - /ProyectoVenta/public/api/auth/token - ::1
2025-05-23 17:29:53 - /ProyectoVenta/public/api/productos - ::1
2025-05-23 17:29:53 - /ProyectoVenta/public/api/auth/token - ::1
2025-05-23 17:29:53 - /ProyectoVenta/public/api/productos - ::1
2025-05-23 17:40:27 - /ProyectoVenta/public/api/productos - ::1
2025-05-23 17:40:27 - /ProyectoVenta/public/api/auth/token - ::1
2025-05-23 17:40:27 - /ProyectoVenta/public/api/productos - ::1
2025-05-23 17:40:27 - /ProyectoVenta/public/api/auth/token - ::1
2025-05-23 17:40:40 - /ProyectoVenta/public/api/productos - ::1
2025-05-23 17:40:40 - /ProyectoVenta/public/api/auth/token - ::1
2025-05-23 17:40:40 - /ProyectoVenta/public/api/productos - ::1
2025-05-23 17:40:40 - /ProyectoVenta/public/api/auth/token - ::1
2025-05-23 17:43:17 - /ProyectoVenta/public/api/productos - ::1
2025-05-23 17:43:17 - /ProyectoVenta/public/api/auth/token - ::1
2025-05-23 17:43:17 - /ProyectoVenta/public/api/auth/token - ::1
2025-05-23 17:43:17 - /ProyectoVenta/public/api/productos - ::1
2025-05-23 17:43:17 - /ProyectoVenta/public/api/auth/token - ::1
2025-05-23 17:43:17 - /ProyectoVenta/public/api/productos - ::1
2025-05-23 17:43:17 - /ProyectoVenta/public/api/productos - ::1
2025-05-23 17:43:17 - /ProyectoVenta/public/api/productos - ::1
2025-05-23 17:43:17 - /ProyectoVenta/public/api/auth/token - ::1
2025-05-23 17:43:17 - /ProyectoVenta/public/api/auth/token - ::1
2025-05-23 17:43:17 - /ProyectoVenta/public/api/auth/token - ::1
2025-05-23 17:45:02 - /ProyectoVenta/public/api/productos - ::1
2025-05-23 17:45:02 - /ProyectoVenta/public/api/auth/token - ::1
2025-05-23 17:45:02 - /ProyectoVenta/public/api/auth/token - ::1
2025-05-23 17:45:02 - /ProyectoVenta/public/api/productos - ::1
2025-05-23 17:45:02 - /ProyectoVenta/public/api/auth/token - ::1
2025-05-23 17:45:02 - /ProyectoVenta/public/api/productos - ::1
2025-05-23 17:45:02 - /ProyectoVenta/public/api/productos - ::1
2025-05-23 17:45:02 - /ProyectoVenta/public/api/auth/token - ::1
2025-05-23 17:45:02 - /ProyectoVenta/public/api/auth/token - ::1
2025-05-23 17:45:02 - /ProyectoVenta/public/api/productos - ::1
2025-05-23 17:45:02 - /ProyectoVenta/public/api/auth/token - ::1
2025-05-23 17:45:02 - /ProyectoVenta/public/api/productos - ::1
2025-05-23 19:16:43 - /ProyectoVenta/public/api/productos - ::1

2025-05-23 19:16:43 - /ProyectoVenta/public/api/auth/token - ::1
2025-05-23 19:16:43 - /ProyectoVenta/public/api/auth/token - ::1
2025-05-23 19:16:43 - /ProyectoVenta/public/api/productos - ::1
2025-05-23 19:16:43 - /ProyectoVenta/public/api/productos - ::1
2025-05-23 19:16:43 - /ProyectoVenta/public/api/productos - ::1
2025-05-23 19:16:43 - /ProyectoVenta/public/api/productos - ::1
2025-05-23 19:16:43 - /ProyectoVenta/public/api/productos - ::1
2025-05-23 19:16:43 - /ProyectoVenta/public/api/auth/token - ::1
2025-05-23 19:16:43 - /ProyectoVenta/public/api/auth/token - ::1
2025-05-23 19:16:43 - /ProyectoVenta/public/api/auth/token - ::1
2025-05-23 19:16:49 - /ProyectoVenta/public/api/productos - ::1
2025-05-23 19:16:49 - /ProyectoVenta/public/api/auth/token - ::1
2025-05-23 19:16:49 - /ProyectoVenta/public/api/auth/token - ::1
2025-05-23 19:16:49 - /ProyectoVenta/public/api/auth/token - ::1
2025-05-23 19:16:49 - /ProyectoVenta/public/api/productos - ::1
2025-05-23 19:16:49 - /ProyectoVenta/public/api/productos - ::1
2025-05-23 19:16:49 - /ProyectoVenta/public/api/productos - ::1
2025-05-23 19:16:50 - /ProyectoVenta/public/api/productos - ::1
2025-05-23 19:16:50 - /ProyectoVenta/public/api/productos - ::1
2025-05-23 19:16:50 - /ProyectoVenta/public/api/auth/token - ::1
2025-05-23 19:16:50 - /ProyectoVenta/public/api/auth/token - ::1
2025-05-23 19:16:50 - /ProyectoVenta/public/api/auth/token - ::1
2025-05-23 19:21:28 - /ProyectoVenta/public/api/auth/token - ::1
2025-05-23 19:21:28 - /ProyectoVenta/public/api/productos - ::1
2025-05-23 19:21:28 - /ProyectoVenta/public/api/auth/token - ::1
2025-05-23 19:21:28 - /ProyectoVenta/public/api/productos - ::1
2025-05-23 19:21:28 - /ProyectoVenta/public/api/productos - ::1
2025-05-23 19:21:28 - /ProyectoVenta/public/api/auth/token - ::1
2025-05-23 19:21:28 - /ProyectoVenta/public/api/auth/token - ::1
2025-05-23 19:21:28 - /ProyectoVenta/public/api/productos - ::1
2025-05-23 19:21:28 - /ProyectoVenta/public/api/auth/token - ::1
2025-05-23 19:21:28 - /ProyectoVenta/public/api/auth/token - ::1
2025-05-23 19:21:28 - /ProyectoVenta/public/api/productos - ::1
2025-05-23 19:21:28 - /ProyectoVenta/public/api/productos - ::1
2025-05-23 19:21:31 - /ProyectoVenta/public/api/categorias - ::1
2025-05-23 19:21:31 - /ProyectoVenta/public/api/categorias - ::1
2025-05-23 19:21:31 - /ProyectoVenta/public/api/categorias - ::1
2025-05-23 19:21:31 - /ProyectoVenta/public/api/categorias - ::1
2025-05-23 19:21:31 - /ProyectoVenta/public/api/categorias - ::1
2025-05-23 19:21:31 - /ProyectoVenta/public/api/categorias - ::1
2025-05-23 19:25:20 - /ProyectoVenta/public/api/productos - ::1
2025-05-23 19:25:20 - /ProyectoVenta/public/api/auth/token - ::1
2025-05-23 19:25:20 - /ProyectoVenta/public/api/productos - ::1

2025-05-23 19:25:20 - /ProyectoVenta/public/api/auth/token - ::1
2025-05-23 19:25:20 - /ProyectoVenta/public/api/productos - ::1
2025-05-23 19:25:20 - /ProyectoVenta/public/api/auth/token - ::1
2025-05-23 19:25:20 - /ProyectoVenta/public/api/productos - ::1
2025-05-23 19:25:20 - /ProyectoVenta/public/api/auth/token - ::1
2025-05-23 19:25:20 - /ProyectoVenta/public/api/productos - ::1
2025-05-23 19:25:20 - /ProyectoVenta/public/api/auth/token - ::1
2025-05-23 19:25:20 - /ProyectoVenta/public/api/productos - ::1
2025-05-23 19:27:28 - /ProyectoVenta/public/api/productos - ::1
2025-05-23 19:27:28 - /ProyectoVenta/public/api/auth/token - ::1
2025-05-23 19:27:29 - /ProyectoVenta/public/api/productos - ::1

2025-05-23 19:27:29 - /ProyectoVenta/public/api/auth/token - ::1
2025-05-23 19:27:29 - /ProyectoVenta/public/api/productos - ::1
2025-05-23 19:27:29 - /ProyectoVenta/public/api/productos - ::1
2025-05-23 19:27:29 - /ProyectoVenta/public/api/productos - ::1
2025-05-23 19:27:29 - /ProyectoVenta/public/api/auth/token - ::1
2025-05-23 19:27:29 - /ProyectoVenta/public/api/auth/token - ::1
2025-05-23 19:27:29 - /ProyectoVenta/public/api/auth/token - ::1
2025-05-23 19:27:32 - /ProyectoVenta/public/api/proveedores - ::1
2025-05-23 19:27:32 - /ProyectoVenta/public/api/proveedores - ::1
2025-05-23 19:27:32 - /ProyectoVenta/public/api/proveedores - ::1
2025-05-23 19:27:32 - /ProyectoVenta/public/api/proveedores - ::1
2025-05-23 19:27:32 - /ProyectoVenta/public/api/proveedores - ::1
2025-05-23 19:27:32 - /ProyectoVenta/public/api/proveedores - ::1
2025-05-23 19:31:54 - /ProyectoVenta/public/api/productos - ::1
2025-05-23 19:31:54 - /ProyectoVenta/public/api/auth/token - ::1
2025-05-23 19:31:54 - /ProyectoVenta/public/api/auth/token - ::1
2025-05-23 19:31:54 - /ProyectoVenta/public/api/productos - ::1
2025-05-23 19:31:54 - /ProyectoVenta/public/api/auth/token - ::1
2025-05-23 19:31:54 - /ProyectoVenta/public/api/productos - ::1
2025-05-23 19:31:54 - /ProyectoVenta/public/api/productos - ::1
2025-05-23 19:31:54 - /ProyectoVenta/public/api/auth/token - ::1
2025-05-23 19:31:54 - /ProyectoVenta/public/api/productos - ::1
2025-05-23 19:31:55 - /ProyectoVenta/public/api/productos - ::1
2025-05-23 19:31:55 - /ProyectoVenta/public/api/auth/token - ::1
2025-05-23 19:31:55 - /ProyectoVenta/public/api/auth/token - ::1
2025-05-23 19:32:06 - /ProyectoVenta/public/api/auth/token - ::1
2025-05-23 19:32:06 - /ProyectoVenta/public/api/auth/token - ::1
2025-05-23 19:32:06 - /ProyectoVenta/public/api/productos - ::1
2025-05-23 19:32:06 - /ProyectoVenta/public/api/auth/token - ::1
2025-05-23 19:32:06 - /ProyectoVenta/public/api/productos - ::1
2025-05-23 19:32:06 - /ProyectoVenta/public/api/productos - ::1
2025-05-23 19:32:06 - /ProyectoVenta/public/api/auth/token - ::1
2025-05-23 19:32:06 - /ProyectoVenta/public/api/auth/token - ::1
2025-05-23 19:32:06 - /ProyectoVenta/public/api/productos - ::1
2025-05-23 19:32:06 - /ProyectoVenta/public/api/auth/token - ::1
2025-05-23 19:32:06 - /ProyectoVenta/public/api/productos - ::1
2025-05-23 19:32:06 - /ProyectoVenta/public/api/productos - ::1
2025-05-23 19:33:22 - /ProyectoVenta/public/api/categorias - ::1
2025-05-23 19:33:22 - /ProyectoVenta/public/api/categorias - ::1
2025-05-23 19:33:22 - /ProyectoVenta/public/api/categorias - ::1
2025-05-23 19:33:22 - /ProyectoVenta/public/api/categorias - ::1
2025-05-23 19:33:22 - /ProyectoVenta/public/api/categorias - ::1
2025-05-23 19:33:22 - /ProyectoVenta/public/api/categorias - ::1
2025-05-23 19:33:31 - /ProyectoVenta/public/api/categorias/Crear - ::1
2025-05-23 19:33:31 - /ProyectoVenta/public/api/categorias/Crear - ::1
2025-05-23 19:33:31 - /ProyectoVenta/public/api/categorias/Crear - ::1
2025-05-23 19:33:31 - /ProyectoVenta/public/api/categorias - ::1
2025-05-23 19:33:31 - /ProyectoVenta/public/api/categorias - ::1
2025-05-23 19:33:31 - /ProyectoVenta/public/api/categorias - ::1
2025-05-23 19:33:38 - /ProyectoVenta/public/api/categorias/Modificar/5 - ::1
2025-05-23 19:33:38 - /ProyectoVenta/public/api/categorias/Modificar/5 - ::1
2025-05-23 19:33:38 - /ProyectoVenta/public/api/categorias/Modificar/5 - ::1
2025-05-23 19:33:45 - /ProyectoVenta/public/api/categorias/Eliminar/5 - ::1
2025-05-23 19:33:45 - /ProyectoVenta/public/api/categorias/Eliminar/5 - ::1
2025-05-23 19:33:45 - /ProyectoVenta/public/api/categorias/Eliminar/5 - ::1
2025-05-23 19:33:47 - /ProyectoVenta/public/api/proveedores - ::1
2025-05-23 19:33:47 - /ProyectoVenta/public/api/proveedores - ::1
2025-05-23 19:33:47 - /ProyectoVenta/public/api/proveedores - ::1
2025-05-23 19:33:47 - /ProyectoVenta/public/api/proveedores - ::1
2025-05-23 19:33:47 - /ProyectoVenta/public/api/proveedores - ::1
2025-05-23 19:33:47 - /ProyectoVenta/public/api/proveedores - ::1
2025-05-23 19:33:54 - /ProyectoVenta/public/api/proveedores/Crear - ::1
2025-05-23 19:33:54 - /ProyectoVenta/public/api/proveedores/Crear - ::1
2025-05-23 19:33:54 - /ProyectoVenta/public/api/proveedores/Crear - ::1
2025-05-23 19:33:54 - /ProyectoVenta/public/api/proveedores - ::1
2025-05-23 19:33:54 - /ProyectoVenta/public/api/proveedores - ::1
2025-05-23 19:33:54 - /ProyectoVenta/public/api/proveedores - ::1
2025-05-23 19:34:01 - /ProyectoVenta/public/api/proveedores/Modificar/12 - ::1
2025-05-23 19:34:01 - /ProyectoVenta/public/api/proveedores/Modificar/12 - ::1
2025-05-23 19:34:01 - /ProyectoVenta/public/api/proveedores/Modificar/12 - ::1
2025-05-23 19:34:04 - /ProyectoVenta/public/api/proveedores/Eliminar/12 - ::1
2025-05-23 19:34:04 - /ProyectoVenta/public/api/proveedores/Eliminar/12 - ::1
2025-05-23 19:34:04 - /ProyectoVenta/public/api/proveedores/Eliminar/12 - ::1
2025-05-23 20:02:59 - /ProyectoVenta/public/api/productos - ::1
2025-05-23 20:02:59 - /ProyectoVenta/public/api/auth/token - ::1
2025-05-23 20:02:59 - /ProyectoVenta/public/api/productos - ::1
2025-05-23 20:02:59 - /ProyectoVenta/public/api/auth/token - ::1
2025-05-23 20:02:59 - /ProyectoVenta/public/api/productos - ::1
2025-05-23 20:02:59 - /ProyectoVenta/public/api/auth/token - ::1
2025-05-23 20:02:59 - /ProyectoVenta/public/api/productos - ::1
2025-05-23 20:02:59 - /ProyectoVenta/public/api/auth/token - ::1
2025-05-23 20:02:59 - /ProyectoVenta/public/api/productos - ::1
2025-05-23 20:02:59 - /ProyectoVenta/public/api/productos - ::1
2025-05-23 20:02:59 - /ProyectoVenta/public/api/auth/token - ::1
2025-05-23 20:02:59 - /ProyectoVenta/public/api/auth/token - ::1
2025-05-23 20:03:16 - /ProyectoVenta/public/api/auth/token - ::1
2025-05-23 20:03:16 - /ProyectoVenta/public/api/auth/token - ::1
2025-05-23 20:03:16 - /ProyectoVenta/public/api/auth/token - ::1
2025-05-23 20:03:16 - /ProyectoVenta/public/api/auth/token - ::1
2025-05-23 20:03:16 - /ProyectoVenta/public/api/auth/token - ::1
2025-05-23 20:03:16 - /ProyectoVenta/public/api/auth/token - ::1
2025-05-23 20:03:16 - /ProyectoVenta/public/api/productos - ::1
2025-05-23 20:03:16 - /ProyectoVenta/public/api/productos - ::1
2025-05-23 20:03:16 - /ProyectoVenta/public/api/productos - ::1
2025-05-23 20:03:16 - /ProyectoVenta/public/api/productos - ::1
2025-05-23 20:03:16 - /ProyectoVenta/public/api/productos - ::1
2025-05-23 20:03:16 - /ProyectoVenta/public/api/productos - ::1
2025-05-23 20:04:43 - /ProyectoVenta/public/api/productos - ::1
2025-05-23 20:04:43 - /ProyectoVenta/public/api/auth/token - ::1
2025-05-23 20:04:43 - /ProyectoVenta/public/api/auth/token - ::1
2025-05-23 20:04:43 - /ProyectoVenta/public/api/auth/token - ::1
2025-05-23 20:04:43 - /ProyectoVenta/public/api/productos - ::1
2025-05-23 20:04:43 - /ProyectoVenta/public/api/productos - ::1
2025-05-23 20:04:43 - /ProyectoVenta/public/api/auth/token - ::1
2025-05-23 20:04:43 - /ProyectoVenta/public/api/auth/token - ::1
2025-05-23 20:04:43 - /ProyectoVenta/public/api/auth/token - ::1
2025-05-23 20:04:43 - /ProyectoVenta/public/api/productos - ::1
2025-05-23 20:04:43 - /ProyectoVenta/public/api/productos - ::1
2025-05-23 20:04:43 - /ProyectoVenta/public/api/productos - ::1
2025-05-23 20:04:46 - /ProyectoVenta/public/api/proveedores - ::1
2025-05-23 20:04:46 - /ProyectoVenta/public/api/categorias - ::1
2025-05-23 20:04:46 - /ProyectoVenta/public/api/proveedores - ::1
2025-05-23 20:04:46 - /ProyectoVenta/public/api/categorias - ::1
2025-05-23 20:04:46 - /ProyectoVenta/public/api/proveedores - ::1
2025-05-23 20:04:46 - /ProyectoVenta/public/api/categorias - ::1
2025-05-23 20:04:46 - /ProyectoVenta/public/api/proveedores - ::1
2025-05-23 20:04:46 - /ProyectoVenta/public/api/proveedores - ::1
2025-05-23 20:04:46 - /ProyectoVenta/public/api/proveedores - ::1
2025-05-23 20:04:46 - /ProyectoVenta/public/api/categorias - ::1
2025-05-23 20:04:46 - /ProyectoVenta/public/api/categorias - ::1
2025-05-23 20:04:46 - /ProyectoVenta/public/api/categorias - ::1
2025-05-23 20:16:26 - /ProyectoVenta/public/uploads/images/chocozucaritas.jpg - ::1
2025-05-23 20:16:26 - /ProyectoVenta/public/uploads/images/queso_oaxaca.jpg - ::1
2025-05-23 20:16:26 - /ProyectoVenta/public/uploads/images/manzanas_rojas.jpg - ::1
2025-05-23 20:16:26 - /ProyectoVenta/public/uploads/images/chocozucaritas.jpg - ::1
2025-05-23 20:16:26 - /ProyectoVenta/public/uploads/images/manzanas_rojas.jpg - ::1
2025-05-23 20:16:26 - /ProyectoVenta/public/uploads/images/queso_oaxaca.jpg - ::1

2025-05-23 20:16:26 - /ProyectoVenta/public/uploads/images/manzanas_rojas.jpg - ::1
2025-05-23 20:16:26 - /ProyectoVenta/public/uploads/images/laptop_lenovo.jpg - ::1
2025-05-23 20:16:26 - /ProyectoVenta/public/uploads/images/pantalla_samsung_32.jpg - ::1
2025-05-23 20:16:26 - /ProyectoVenta/public/uploads/images/laptop_lenovo.jpg - ::1
2025-05-23 20:16:26 - /ProyectoVenta/public/uploads/images/celular_xiaomi.jpg - ::1
2025-05-23 20:16:26 - /ProyectoVenta/public/uploads/images/laptop_lenovo.jpg - ::1
2025-05-23 20:16:26 - /ProyectoVenta/public/uploads/images/pantalla_samsung_32.jpg - ::1
2025-05-23 20:16:26 - /ProyectoVenta/public/uploads/images/pantalla_samsung_32.jpg - ::1
2025-05-23 20:16:26 - /ProyectoVenta/public/uploads/images/celular_xiaomi.jpg - ::1
2025-05-23 20:16:26 - /ProyectoVenta/public/uploads/images/celular_xiaomi.jpg - ::1
2025-05-23 20:16:26 - /ProyectoVenta/public/uploads/images/camisa_azul.jpg - ::1
2025-05-23 20:16:26 - /ProyectoVenta/public/uploads/images/pantalon_jeans_azul.jpg - ::1
2025-05-23 20:16:26 - /ProyectoVenta/public/uploads/images/camisa_azul.jpg - ::1
2025-05-23 20:16:26 - /ProyectoVenta/public/uploads/images/sarten_antiadherente.jpg - ::1
2025-05-23 20:16:26 - /ProyectoVenta/public/uploads/images/camisa_azul.jpg - ::1
2025-05-23 20:16:26 - /ProyectoVenta/public/uploads/images/pantalon_jeans_azul.jpg - ::1
2025-05-23 20:16:26 - /ProyectoVenta/public/uploads/images/sarten_antiadherente.jpg - ::1
2025-05-23 20:16:26 - /ProyectoVenta/public/uploads/images/sarten_antiadherente.jpg - ::1
2025-05-23 20:16:26 - /ProyectoVenta/public/uploads/images/papel_higienico_petalo.jpg - ::1
2025-05-23 20:16:26 - /ProyectoVenta/public/uploads/images/papel_higienico_petalo.jpg - ::1
2025-05-23 20:16:26 - /ProyectoVenta/public/uploads/images/papel_higienico_petalo.jpg - ::1
2025-05-23 20:22:32 - /ProyectoVenta/public/api/auth/token - ::1
2025-05-23 20:22:32 - /ProyectoVenta/public/api/productos - ::1
2025-05-23 20:22:32 - /ProyectoVenta/public/api/auth/token - ::1
2025-05-23 20:22:32 - /ProyectoVenta/public/api/auth/token - ::1
2025-05-23 20:22:32 - /ProyectoVenta/public/api/productos - ::1
2025-05-23 20:22:32 - /ProyectoVenta/public/api/productos - ::1
2025-05-23 20:22:32 - /ProyectoVenta/public/api/auth/token - ::1
2025-05-23 20:22:32 - /ProyectoVenta/public/api/auth/token - ::1
2025-05-23 20:22:32 - /ProyectoVenta/public/api/auth/token - ::1
2025-05-23 20:22:32 - /ProyectoVenta/public/api/productos - ::1
2025-05-23 20:22:32 - /ProyectoVenta/public/api/productos - ::1
2025-05-23 20:22:32 - /ProyectoVenta/public/api/productos - ::1
2025-05-23 20:22:32 - /ProyectoVenta/public/uploads/images/manzanas_rojas.jpg - ::1
2025-05-23 20:22:32 - /ProyectoVenta/public/uploads/images/queso_oaxaca.jpg - ::1
2025-05-23 20:22:32 - /ProyectoVenta/public/uploads/images/celular_xiaomi.jpg - ::1
2025-05-23 20:22:32 - /ProyectoVenta/public/uploads/images/manzanas_rojas.jpg - ::1
2025-05-23 20:22:32 - /ProyectoVenta/public/uploads/images/queso_oaxaca.jpg - ::1
2025-05-23 20:22:32 - /ProyectoVenta/public/uploads/images/manzanas_rojas.jpg - ::1
2025-05-23 20:22:32 - /ProyectoVenta/public/uploads/images/celular_xiaomi.jpg - ::1
2025-05-23 20:22:32 - /ProyectoVenta/public/uploads/images/queso_oaxaca.jpg - ::1
2025-05-23 20:22:32 - /ProyectoVenta/public/uploads/images/celular_xiaomi.jpg - ::1
2025-05-23 20:22:32 - /ProyectoVenta/public/uploads/images/laptop_lenovo.jpg - ::1
 ::1
2025-05-23 20:22:32 - /ProyectoVenta/public/uploads/images/chocozucaritas.jpg - ::1
2025-05-23 20:22:32 - /ProyectoVenta/public/uploads/images/camisa_azul.jpg - ::1
2025-05-23 20:22:32 - /ProyectoVenta/public/uploads/images/pantalon_jeans_azul.jpg - ::1
2025-05-23 20:22:32 - /ProyectoVenta/public/uploads/images/camisa_azul.jpg - ::1
2025-05-23 20:22:32 - /ProyectoVenta/public/uploads/images/sarten_antiadherente.jpg - ::1
2025-05-23 20:22:32 - /ProyectoVenta/public/uploads/images/pantalon_jeans_azul.jpg - ::1
2025-05-23 20:22:32 - /ProyectoVenta/public/uploads/images/laptop_lenovo.jpg - ::1
2025-05-23 20:22:32 - /ProyectoVenta/public/uploads/images/chocozucaritas.jpg - ::1
2025-05-23 20:22:32 - /ProyectoVenta/public/uploads/images/pantalla_samsung_32.jpg - ::1
2025-05-23 20:22:32 - /ProyectoVenta/public/uploads/images/pantalon_jeans_azul.jpg - ::1
2025-05-23 20:22:32 - /ProyectoVenta/public/uploads/images/laptop_lenovo.jpg - ::1
2025-05-23 20:22:32 - /ProyectoVenta/public/uploads/images/sarten_antiadherente.jpg - ::1
2025-05-23 20:22:32 - /ProyectoVenta/public/uploads/images/pantalla_samsung_32.jpg - ::1
2025-05-23 20:22:32 - /ProyectoVenta/public/uploads/images/chocozucaritas.jpg - ::1
2025-05-23 20:22:32 - /ProyectoVenta/public/uploads/images/sarten_antiadherente.jpg - ::1
2025-05-23 20:22:32 - /ProyectoVenta/public/uploads/images/papel_higienico_petalo.jpg - ::1
2025-05-23 20:22:32 - /ProyectoVenta/public/uploads/images/papel_higienico_petalo.jpg - ::1
2025-05-23 20:22:32 - /ProyectoVenta/public/uploads/images/papel_higienico_petalo.jpg - ::1
2025-05-23 20:33:19 - /ProyectoVenta/public/api/productos - ::1
2025-05-23 20:33:19 - /ProyectoVenta/public/api/auth/token - ::1
2025-05-23 20:33:19 - /ProyectoVenta/public/api/productos - ::1
2025-05-23 20:33:19 - /ProyectoVenta/public/api/auth/token - ::1
2025-05-23 20:33:19 - /ProyectoVenta/public/api/productos - ::1
2025-05-23 20:33:19 - /ProyectoVenta/public/api/auth/token - ::1
2025-05-23 20:33:19 - /ProyectoVenta/public/api/productos - ::1
2025-05-23 20:33:19 - /ProyectoVenta/public/api/auth/token - ::1
2025-05-23 20:33:19 - /ProyectoVenta/public/api/productos - ::1
2025-05-23 20:33:19 - /ProyectoVenta/public/api/productos - ::1
2025-05-23 20:33:19 - /ProyectoVenta/public/api/auth/token - ::1
2025-05-23 20:33:19 - /ProyectoVenta/public/api/auth/token - ::1
2025-05-23 20:33:24 - /ProyectoVenta/public/api/categorias - ::1
2025-05-23 20:33:24 - /ProyectoVenta/public/api/proveedores - ::1
2025-05-23 20:33:24 - /ProyectoVenta/public/api/categorias - ::1
2025-05-23 20:33:24 - /ProyectoVenta/public/api/proveedores - ::1
2025-05-23 20:33:24 - /ProyectoVenta/public/api/categorias - ::1
2025-05-23 20:33:24 - /ProyectoVenta/public/api/proveedores - ::1
2025-05-23 20:33:24 - /ProyectoVenta/public/api/categorias - ::1
2025-05-23 20:33:24 - /ProyectoVenta/public/api/proveedores - ::1
2025-05-23 20:33:24 - /ProyectoVenta/public/api/categorias - ::1
2025-05-23 20:33:24 - /ProyectoVenta/public/api/categorias - ::1
2025-05-23 20:33:24 - /ProyectoVenta/public/api/proveedores - ::1
2025-05-23 20:33:24 - /ProyectoVenta/public/api/proveedores - ::1
2025-05-23 20:34:14 - /ProyectoVenta/public/api/productos/Crear - ::1
2025-05-23 20:37:36 - /ProyectoVenta/public/api/productos/Crear - ::1
2025-05-23 20:37:42 - /ProyectoVenta/public/api/productos - ::1
2025-05-23 20:37:42 - /ProyectoVenta/public/api/auth/token - ::1
2025-05-23 20:37:42 - /ProyectoVenta/public/api/productos - ::1
2025-05-23 20:37:42 - /ProyectoVenta/public/api/auth/token - ::1
2025-05-23 20:37:42 - /ProyectoVenta/public/api/productos - ::1
2025-05-23 20:37:42 - /ProyectoVenta/public/api/auth/token - ::1
2025-05-23 20:37:42 - /ProyectoVenta/public/api/productos - ::1
2025-05-23 20:37:42 - /ProyectoVenta/public/api/auth/token - ::1
2025-05-23 20:37:42 - /ProyectoVenta/public/api/auth/token - ::1
2025-05-23 20:37:42 - /ProyectoVenta/public/api/productos - ::1
2025-05-23 20:37:42 - /ProyectoVenta/public/api/productos - ::1

2025-05-23 20:37:44 - /ProyectoVenta/public/api/categorias - ::1
2025-05-23 20:37:44 - /ProyectoVenta/public/api/proveedores - ::1
2025-05-23 20:37:44 - /ProyectoVenta/public/api/categorias - ::1
2025-05-23 20:37:44 - /ProyectoVenta/public/api/categorias - ::1
2025-05-23 20:37:44 - /ProyectoVenta/public/api/proveedores - ::1
2025-05-23 20:37:44 - /ProyectoVenta/public/api/proveedores - ::1
2025-05-23 20:37:44 - /ProyectoVenta/public/api/proveedores - ::1
2025-05-23 20:37:44 - /ProyectoVenta/public/api/categorias - ::1
2025-05-23 20:37:44 - /ProyectoVenta/public/api/categorias - ::1
2025-05-23 20:37:44 - /ProyectoVenta/public/api/proveedores - ::1
2025-05-23 20:37:44 - /ProyectoVenta/public/api/proveedores - ::1
2025-05-23 20:38:09 - /ProyectoVenta/public/api/productos/Crear - ::1
2025-05-23 20:42:51 - /ProyectoVenta/public/api/productos - ::1
2025-05-23 20:42:51 - /ProyectoVenta/public/api/productos - ::1
2025-05-23 20:42:51 - /ProyectoVenta/public/api/auth/token - ::1
2025-05-23 20:42:51 - /ProyectoVenta/public/api/productos - ::1
2025-05-23 20:42:51 - /ProyectoVenta/public/api/auth/token - ::1
2025-05-23 20:42:51 - /ProyectoVenta/public/api/auth/token - ::1
2025-05-23 20:42:51 - /ProyectoVenta/public/api/productos - ::1
2025-05-23 20:42:51 - /ProyectoVenta/public/api/productos - ::1
2025-05-23 20:42:51 - /ProyectoVenta/public/api/auth/token - ::1
2025-05-23 20:42:51 - /ProyectoVenta/public/api/productos - ::1
2025-05-23 20:42:51 - /ProyectoVenta/public/api/auth/token - ::1
2025-05-23 20:42:51 - /ProyectoVenta/public/api/auth/token - ::1
2025-05-23 20:43:00 - /ProyectoVenta/public/api/categorias - ::1

2025-05-23 20:43:00 - /ProyectoVenta/public/api/categorias - ::1
2025-05-23 20:43:00 - /ProyectoVenta/public/api/categorias - ::1
2025-05-23 20:43:00 - /ProyectoVenta/public/api/proveedores - ::1
2025-05-23 20:43:00 - /ProyectoVenta/public/api/proveedores - ::1
2025-05-23 20:43:00 - /ProyectoVenta/public/api/proveedores - ::1
2025-05-23 20:43:00 - /ProyectoVenta/public/api/categorias - ::1
2025-05-23 20:43:00 - /ProyectoVenta/public/api/categorias - ::1
2025-05-23 20:43:00 - /ProyectoVenta/public/api/categorias - ::1
2025-05-23 20:43:00 - /ProyectoVenta/public/api/proveedores - ::1
2025-05-23 20:43:00 - /ProyectoVenta/public/api/proveedores - ::1
2025-05-23 20:43:26 - /ProyectoVenta/public/api/productos/Crear - ::1
2025-05-23 20:47:52 - /ProyectoVenta/public/api/auth/token - ::1
2025-05-23 20:47:52 - /ProyectoVenta/public/api/productos - ::1
2025-05-23 20:47:52 - /ProyectoVenta/public/api/auth/token - ::1
2025-05-23 20:47:52 - /ProyectoVenta/public/api/auth/token - ::1
2025-05-23 20:47:52 - /ProyectoVenta/public/api/productos - ::1
2025-05-23 20:47:52 - /ProyectoVenta/public/api/productos - ::1
2025-05-23 20:47:52 - /ProyectoVenta/public/api/auth/token - ::1
2025-05-23 20:47:52 - /ProyectoVenta/public/api/productos - ::1
2025-05-23 20:47:52 - /ProyectoVenta/public/api/auth/token - ::1
2025-05-23 20:47:52 - /ProyectoVenta/public/api/auth/token - ::1
2025-05-23 20:47:52 - /ProyectoVenta/public/api/productos - ::1
2025-05-23 20:47:52 - /ProyectoVenta/public/api/productos - ::1
2025-05-23 20:47:58 - /ProyectoVenta/public/api/proveedores - ::1
2025-05-23 20:47:58 - /ProyectoVenta/public/api/proveedores - ::1
2025-05-23 20:47:58 - /ProyectoVenta/public/api/proveedores - ::1
2025-05-23 20:47:59 - /ProyectoVenta/public/api/categorias - ::1
2025-05-23 20:47:59 - /ProyectoVenta/public/api/categorias - ::1
2025-05-23 20:47:59 - /ProyectoVenta/public/api/proveedores - ::1
2025-05-23 20:47:59 - /ProyectoVenta/public/api/proveedores - ::1
2025-05-23 20:47:59 - /ProyectoVenta/public/api/categorias - ::1
2025-05-23 20:47:59 - /ProyectoVenta/public/api/proveedores - ::1
2025-05-23 20:47:59 - /ProyectoVenta/public/api/categorias - ::1
2025-05-23 20:47:59 - /ProyectoVenta/public/api/categorias - ::1
2025-05-23 20:48:24 - /ProyectoVenta/public/api/productos/Crear - ::1
2025-05-23 20:48:24 - /ProyectoVenta/public/api/productos/Crear - ::1
2025-05-23 20:48:24 - /ProyectoVenta/public/api/productos/Crear - ::1
2025-05-23 20:48:53 - /ProyectoVenta/public/api/productos - ::1
2025-05-23 20:48:53 - /ProyectoVenta/public/api/auth/token - ::1
2025-05-23 20:48:53 - /ProyectoVenta/public/api/productos - ::1
2025-05-23 20:48:53 - /ProyectoVenta/public/api/productos - ::1
2025-05-23 20:48:53 - /ProyectoVenta/public/api/auth/token - ::1
2025-05-23 20:48:53 - /ProyectoVenta/public/api/auth/token - ::1
2025-05-23 20:48:53 - /ProyectoVenta/public/api/productos - ::1
2025-05-23 20:48:53 - /ProyectoVenta/public/api/auth/token - ::1
2025-05-23 20:48:53 - /ProyectoVenta/public/api/productos - ::1
2025-05-23 20:48:53 - /ProyectoVenta/public/api/auth/token - ::1
2025-05-23 20:48:53 - /ProyectoVenta/public/api/auth/token - ::1
2025-05-23 20:48:53 - /ProyectoVenta/public/uploads/uploads/6830c2f8b408a.jpeg - ::1
2025-05-23 20:48:53 - /ProyectoVenta/public/uploads/uploads/6830c2f8b408a.jpeg - ::1
2025-05-23 20:48:53 - /ProyectoVenta/public/uploads/uploads/6830c2f8b408a.jpeg - ::1
2025-05-23 20:53:07 - /ProyectoVenta/public/api/categorias - ::1
2025-05-23 20:53:07 - /ProyectoVenta/public/api/proveedores - ::1
2025-05-23 20:53:07 - /ProyectoVenta/public/api/categorias - ::1
2025-05-23 20:53:07 - /ProyectoVenta/public/api/proveedores - ::1
2025-05-23 20:53:07 - /ProyectoVenta/public/api/categorias - ::1
2025-05-23 20:53:07 - /ProyectoVenta/public/api/proveedores - ::1
2025-05-23 20:53:07 - /ProyectoVenta/public/api/categorias - ::1
2025-05-23 20:53:07 - /ProyectoVenta/public/api/proveedores - ::1
2025-05-23 20:53:07 - /ProyectoVenta/public/api/categorias - ::1
2025-05-23 20:53:07 - /ProyectoVenta/public/api/categorias - ::1
2025-05-23 20:53:07 - /ProyectoVenta/public/api/proveedores - ::1
2025-05-23 20:53:07 - /ProyectoVenta/public/api/proveedores - ::1
2025-05-23 20:53:37 - /ProyectoVenta/public/api/productos/Crear - ::1
2025-05-23 20:53:37 - /ProyectoVenta/public/api/productos/Crear - ::1
2025-05-23 20:53:37 - /ProyectoVenta/public/api/productos/Crear - ::1
2025-05-23 20:53:45 - /ProyectoVenta/public/uploads/uploads/6830c2f8b408a.jpeg - ::1
2025-05-23 20:53:45 - /ProyectoVenta/public/uploads/uploads/6830c2f8b408a.jpeg - ::1
2025-05-23 20:53:45 - /ProyectoVenta/public/uploads/uploads/6830c2f8b408a.jpeg - ::1
2025-05-23 20:53:49 - /ProyectoVenta/public/api/productos - ::1
2025-05-23 20:53:49 - /ProyectoVenta/public/api/auth/token - ::1
2025-05-23 20:53:49 - /ProyectoVenta/public/api/productos - ::1
2025-05-23 20:53:49 - /ProyectoVenta/public/api/auth/token - ::1
2025-05-23 20:53:49 - /ProyectoVenta/public/api/productos - ::1
2025-05-23 20:53:49 - /ProyectoVenta/public/api/auth/token - ::1
2025-05-23 20:53:49 - /ProyectoVenta/public/api/productos - ::1
2025-05-23 20:53:49 - /ProyectoVenta/public/api/auth/token - ::1
2025-05-23 20:53:49 - /ProyectoVenta/public/api/productos - ::1
2025-05-23 20:53:49 - /ProyectoVenta/public/api/productos - ::1
2025-05-23 20:53:49 - /ProyectoVenta/public/api/auth/token - ::1
2025-05-23 20:53:49 - /ProyectoVenta/public/api/auth/token - ::1
2025-05-23 20:53:49 - /ProyectoVenta/public/uploads/uploads/6830c4311beee.jpeg - ::1
2025-05-23 20:53:49 - /ProyectoVenta/public/uploads/uploads/6830c2f8b408a.jpeg - ::1
2025-05-23 20:53:49 - /ProyectoVenta/public/uploads/uploads/6830c4311beee.jpeg - ::1
2025-05-23 20:53:49 - /ProyectoVenta/public/uploads/uploads/6830c2f8b408a.jpeg - ::1
2025-05-23 20:53:49 - /ProyectoVenta/public/uploads/uploads/6830c4311beee.jpeg - ::1
2025-05-23 20:53:49 - /ProyectoVenta/public/uploads/uploads/6830c2f8b408a.jpeg - ::1
2025-05-23 23:21:22 - /ProyectoVenta/public/api/auth/token - ::1
2025-05-23 23:21:22 - /ProyectoVenta/public/api/auth/token - ::1
2025-05-23 23:21:22 - /ProyectoVenta/public/api/auth/token - ::1
2025-05-23 23:21:22 - /ProyectoVenta/public/api/auth/token - ::1
2025-05-23 23:21:22 - /ProyectoVenta/public/api/auth/token - ::1
2025-05-23 23:21:22 - /ProyectoVenta/public/api/auth/token - ::1
2025-05-23 23:21:22 - /ProyectoVenta/public/api/productos - ::1
2025-05-23 23:21:22 - /ProyectoVenta/public/api/productos - ::1
2025-05-23 23:21:22 - /ProyectoVenta/public/api/productos - ::1
2025-05-23 23:21:22 - /ProyectoVenta/public/api/productos - ::1
2025-05-23 23:21:22 - /ProyectoVenta/public/api/productos - ::1
2025-05-23 23:21:22 - /ProyectoVenta/public/uploads/uploads/6830c2f8b408a.jpeg - ::1
2025-05-23 23:21:22 - /ProyectoVenta/public/uploads/uploads/6830c2f8b408a.jpeg - ::1
2025-05-23 23:21:22 - /ProyectoVenta/public/uploads/uploads/6830c2f8b408a.jpeg - ::1
2025-05-23 23:21:22 - /ProyectoVenta/public/uploads/uploads/6830c4311beee.jpeg - ::1
2025-05-23 23:21:22 - /ProyectoVenta/public/uploads/uploads/6830c4311beee.jpeg - ::1
2025-05-23 23:21:22 - /ProyectoVenta/public/uploads/uploads/6830c4311beee.jpeg - ::1
2025-05-23 23:21:37 - /ProyectoVenta/public/api/productos - ::1
2025-05-23 23:21:37 - /ProyectoVenta/public/api/auth/token - ::1
2025-05-23 23:21:37 - /ProyectoVenta/public/api/auth/token - ::1
2025-05-23 23:21:37 - /ProyectoVenta/public/api/productos - ::1
2025-05-23 23:21:37 - /ProyectoVenta/public/api/auth/token - ::1
2025-05-23 23:21:37 - /ProyectoVenta/public/api/productos - ::1
2025-05-23 23:21:37 - /ProyectoVenta/public/api/auth/token - ::1
2025-05-23 23:21:37 - /ProyectoVenta/public/api/productos - ::1
2025-05-23 23:21:37 - /ProyectoVenta/public/api/auth/token - ::1
2025-05-23 23:21:37 - /ProyectoVenta/public/api/auth/token - ::1
2025-05-23 23:21:37 - /ProyectoVenta/public/api/productos - ::1
2025-05-23 23:21:37 - /ProyectoVenta/public/api/productos - ::1
2025-05-23 23:21:37 - /ProyectoVenta/public/uploads/uploads/6830c2f8b408a.jpeg - ::1
2025-05-23 23:21:37 - /ProyectoVenta/public/uploads/uploads/6830c4311beee.jpeg - ::1
2025-05-23 23:21:37 - /ProyectoVenta/public/uploads/uploads/6830c2f8b408a.jpeg - ::1
2025-05-23 23:21:37 - /ProyectoVenta/public/uploads/uploads/6830c2f8b408a.jpeg - ::1
2025-05-23 23:21:37 - /ProyectoVenta/public/uploads/uploads/6830c4311beee.jpeg - ::1
2025-05-23 23:21:37 - /ProyectoVenta/public/uploads/uploads/6830c4311beee.jpeg - ::1
2025-05-23 23:21:55 - /ProyectoVenta/public/api/productos - ::1
2025-05-23 23:21:55 - /ProyectoVenta/public/api/auth/token - ::1
2025-05-23 23:21:55 - /ProyectoVenta/public/api/productos - ::1
2025-05-23 23:21:55 - /ProyectoVenta/public/api/auth/token - ::1
2025-05-23 23:21:55 - /ProyectoVenta/public/api/auth/token - ::1
2025-05-23 23:21:55 - /ProyectoVenta/public/api/productos - ::1
2025-05-23 23:21:55 - /ProyectoVenta/public/api/productos - ::1
2025-05-23 23:21:55 - /ProyectoVenta/public/api/productos - ::1
2025-05-23 23:21:55 - /ProyectoVenta/public/api/productos - ::1
2025-05-23 23:21:55 - /ProyectoVenta/public/api/auth/token - ::1
2025-05-23 23:21:55 - /ProyectoVenta/public/api/auth/token - ::1
2025-05-23 23:21:55 - /ProyectoVenta/public/api/auth/token - ::1
2025-05-23 23:21:56 - /ProyectoVenta/public/uploads/uploads/6830c2f8b408a.jpeg - ::1
2025-05-23 23:21:56 - /ProyectoVenta/public/uploads/uploads/6830c4311beee.jpeg - ::1
2025-05-23 23:21:56 - /ProyectoVenta/public/uploads/uploads/6830c2f8b408a.jpeg - ::1
2025-05-23 23:21:56 - /ProyectoVenta/public/uploads/uploads/6830c2f8b408a.jpeg - ::1
2025-05-23 23:21:56 - /ProyectoVenta/public/uploads/uploads/6830c4311beee.jpeg - ::1
2025-05-23 23:21:56 - /ProyectoVenta/public/uploads/uploads/6830c4311beee.jpeg - ::1
2025-05-23 23:31:45 - /ProyectoVenta/public/api/auth/token - ::1
2025-05-23 23:31:45 - /ProyectoVenta/public/api/productos - ::1
2025-05-23 23:31:45 - /ProyectoVenta/public/api/auth/token - ::1
2025-05-23 23:31:45 - /ProyectoVenta/public/api/productos - ::1
2025-05-23 23:31:45 - /ProyectoVenta/public/api/auth/token - ::1
2025-05-23 23:31:45 - /ProyectoVenta/public/api/productos - ::1
2025-05-23 23:31:45 - /ProyectoVenta/public/api/auth/token - ::1
2025-05-23 23:31:45 - /ProyectoVenta/public/api/productos - ::1
2025-05-23 23:31:45 - /ProyectoVenta/public/api/auth/token - ::1
2025-05-23 23:31:45 - /ProyectoVenta/public/api/productos - ::1
2025-05-23 23:31:45 - /ProyectoVenta/public/api/auth/token - ::1
2025-05-23 23:32:06 - /ProyectoVenta/public/api/categorias - ::1
2025-05-23 23:32:06 - /ProyectoVenta/public/api/categorias - ::1
2025-05-23 23:32:06 - /ProyectoVenta/public/api/categorias - ::1
2025-05-23 23:32:06 - /ProyectoVenta/public/api/categorias - ::1
2025-05-23 23:32:06 - /ProyectoVenta/public/api/categorias - ::1
2025-05-23 23:32:06 - /ProyectoVenta/public/api/categorias - ::1
2025-05-23 23:32:17 - /ProyectoVenta/public/api/categorias/Crear - ::1
2025-05-23 23:32:17 - /ProyectoVenta/public/api/categorias/Crear - ::1
2025-05-23 23:32:17 - /ProyectoVenta/public/api/categorias/Crear - ::1
2025-05-23 23:32:17 - /ProyectoVenta/public/api/categorias - ::1
2025-05-23 23:32:17 - /ProyectoVenta/public/api/categorias - ::1
2025-05-23 23:32:17 - /ProyectoVenta/public/api/categorias - ::1
2025-05-23 23:32:22 - /ProyectoVenta/public/api/proveedores - ::1
2025-05-23 23:32:22 - /ProyectoVenta/public/api/proveedores - ::1
2025-05-23 23:32:22 - /ProyectoVenta/public/api/proveedores - ::1
2025-05-23 23:32:22 - /ProyectoVenta/public/api/proveedores - ::1
2025-05-23 23:32:22 - /ProyectoVenta/public/api/proveedores - ::1
2025-05-23 23:32:22 - /ProyectoVenta/public/api/proveedores - ::1
2025-05-23 23:32:35 - /ProyectoVenta/public/api/proveedores/Crear - ::1
2025-05-23 23:32:35 - /ProyectoVenta/public/api/proveedores/Crear - ::1
2025-05-23 23:32:35 - /ProyectoVenta/public/api/proveedores/Crear - ::1
2025-05-23 23:32:35 - /ProyectoVenta/public/api/proveedores - ::1
2025-05-23 23:32:35 - /ProyectoVenta/public/api/proveedores - ::1
2025-05-23 23:32:35 - /ProyectoVenta/public/api/proveedores - ::1
2025-05-23 23:32:41 - /ProyectoVenta/public/api/categorias - ::1
2025-05-23 23:32:41 - /ProyectoVenta/public/api/proveedores - ::1
2025-05-23 23:32:41 - /ProyectoVenta/public/api/categorias - ::1
2025-05-23 23:32:41 - /ProyectoVenta/public/api/categorias - ::1
2025-05-23 23:32:41 - /ProyectoVenta/public/api/categorias - ::1
2025-05-23 23:32:41 - /ProyectoVenta/public/api/proveedores - ::1
2025-05-23 23:32:41 - /ProyectoVenta/public/api/proveedores - ::1
2025-05-23 23:32:41 - /ProyectoVenta/public/api/categorias - ::1
2025-05-23 23:32:41 - /ProyectoVenta/public/api/categorias - ::1
2025-05-23 23:32:41 - /ProyectoVenta/public/api/proveedores - ::1
2025-05-23 23:32:41 - /ProyectoVenta/public/api/proveedores - ::1
2025-05-23 23:32:41 - /ProyectoVenta/public/api/proveedores - ::1
2025-05-23 23:33:55 - /ProyectoVenta/public/api/productos/Crear - ::1
2025-05-23 23:33:55 - /ProyectoVenta/public/api/productos/Crear - ::1
2025-05-23 23:33:55 - /ProyectoVenta/public/api/productos/Crear - ::1
2025-05-23 23:34:03 - /ProyectoVenta/public/api/productos - ::1
2025-05-23 23:34:03 - /ProyectoVenta/public/api/productos - ::1
2025-05-23 23:34:03 - /ProyectoVenta/public/api/auth/token - ::1
2025-05-23 23:34:03 - /ProyectoVenta/public/api/productos - ::1
2025-05-23 23:34:03 - /ProyectoVenta/public/api/auth/token - ::1
2025-05-23 23:34:03 - /ProyectoVenta/public/api/auth/token - ::1
2025-05-23 23:34:03 - /ProyectoVenta/public/api/productos - ::1
2025-05-23 23:34:03 - /ProyectoVenta/public/api/productos - ::1
2025-05-23 23:34:03 - /ProyectoVenta/public/api/productos - ::1
2025-05-23 23:34:03 - /ProyectoVenta/public/api/auth/token - ::1
2025-05-23 23:34:03 - /ProyectoVenta/public/api/auth/token - ::1
2025-05-23 23:34:03 - /ProyectoVenta/public/api/auth/token - ::1
